CRITICAL - 2024-07-02 22:06:00 --> Undefined array key "featured_image"
in APPPATH\Views\pages\post\index.php on line 37.
 1 APPPATH\Views\pages\post\index.php(37): CodeIgniter\Debug\Exceptions->errorHandler(2, 'Undefined array key "featured_image"', 'C:\\wamp64\\www\\projet-ars\\app\\Views\\pages\\post\\index.php', 37)
 2 SYSTEMPATH\View\View.php(228): include('C:\\wamp64\\www\\projet-ars\\app\\Views\\pages\\post\\index.php')
 3 SYSTEMPATH\View\View.php(231): CodeIgniter\View\View->CodeIgniter\View\{closure}()
 4 SYSTEMPATH\Common.php(1190): CodeIgniter\View\View->render('pages/post/index', [], true)
 5 APPPATH\Controllers\Post.php(29): view('pages/post/index', [...])
 6 SYSTEMPATH\CodeIgniter.php(942): App\Controllers\Post->index()
 7 SYSTEMPATH\CodeIgniter.php(502): CodeIgniter\CodeIgniter->runController(Object(App\Controllers\Post))
 8 SYSTEMPATH\CodeIgniter.php(361): CodeIgniter\CodeIgniter->handleRequest(null, Object(Config\Cache), false)
 9 FCPATH\index.php(79): CodeIgniter\CodeIgniter->run()
CRITICAL - 2024-07-02 22:08:55 --> Undefined array key "featured_image"
in APPPATH\Views\pages\post\index.php on line 37.
 1 APPPATH\Views\pages\post\index.php(37): CodeIgniter\Debug\Exceptions->errorHandler(2, 'Undefined array key "featured_image"', 'C:\\wamp64\\www\\projet-ars\\app\\Views\\pages\\post\\index.php', 37)
 2 SYSTEMPATH\View\View.php(228): include('C:\\wamp64\\www\\projet-ars\\app\\Views\\pages\\post\\index.php')
 3 SYSTEMPATH\View\View.php(231): CodeIgniter\View\View->CodeIgniter\View\{closure}()
 4 SYSTEMPATH\Common.php(1190): CodeIgniter\View\View->render('pages/post/index', [], true)
 5 APPPATH\Controllers\Post.php(30): view('pages/post/index', [...])
 6 SYSTEMPATH\CodeIgniter.php(942): App\Controllers\Post->index()
 7 SYSTEMPATH\CodeIgniter.php(502): CodeIgniter\CodeIgniter->runController(Object(App\Controllers\Post))
 8 SYSTEMPATH\CodeIgniter.php(361): CodeIgniter\CodeIgniter->handleRequest(null, Object(Config\Cache), false)
 9 FCPATH\index.php(79): CodeIgniter\CodeIgniter->run()
CRITICAL - 2024-07-02 22:12:17 --> Array to string conversion
in APPPATH\Views\pages\post\index.php on line 29.
 1 APPPATH\Views\pages\post\index.php(29): CodeIgniter\Debug\Exceptions->errorHandler(2, 'Array to string conversion', 'C:\\wamp64\\www\\projet-ars\\app\\Views\\pages\\post\\index.php', 29)
 2 SYSTEMPATH\View\View.php(228): include('C:\\wamp64\\www\\projet-ars\\app\\Views\\pages\\post\\index.php')
 3 SYSTEMPATH\View\View.php(231): CodeIgniter\View\View->CodeIgniter\View\{closure}()
 4 SYSTEMPATH\Common.php(1190): CodeIgniter\View\View->render('pages/post/index', [], true)
 5 APPPATH\Controllers\Post.php(30): view('pages/post/index', [...])
 6 SYSTEMPATH\CodeIgniter.php(942): App\Controllers\Post->index()
 7 SYSTEMPATH\CodeIgniter.php(502): CodeIgniter\CodeIgniter->runController(Object(App\Controllers\Post))
 8 SYSTEMPATH\CodeIgniter.php(361): CodeIgniter\CodeIgniter->handleRequest(null, Object(Config\Cache), false)
 9 FCPATH\index.php(79): CodeIgniter\CodeIgniter->run()
CRITICAL - 2024-07-02 22:18:12 --> Undefined array key "title"
in APPPATH\Views\pages\post\index.php on line 31.
 1 APPPATH\Views\pages\post\index.php(31): CodeIgniter\Debug\Exceptions->errorHandler(2, 'Undefined array key "title"', 'C:\\wamp64\\www\\projet-ars\\app\\Views\\pages\\post\\index.php', 31)
 2 SYSTEMPATH\View\View.php(228): include('C:\\wamp64\\www\\projet-ars\\app\\Views\\pages\\post\\index.php')
 3 SYSTEMPATH\View\View.php(231): CodeIgniter\View\View->CodeIgniter\View\{closure}()
 4 SYSTEMPATH\Common.php(1190): CodeIgniter\View\View->render('pages/post/index', [], true)
 5 APPPATH\Controllers\Post.php(29): view('pages/post/index', [...])
 6 SYSTEMPATH\CodeIgniter.php(942): App\Controllers\Post->index()
 7 SYSTEMPATH\CodeIgniter.php(502): CodeIgniter\CodeIgniter->runController(Object(App\Controllers\Post))
 8 SYSTEMPATH\CodeIgniter.php(361): CodeIgniter\CodeIgniter->handleRequest(null, Object(Config\Cache), false)
 9 FCPATH\index.php(79): CodeIgniter\CodeIgniter->run()
CRITICAL - 2024-07-02 22:46:41 --> Undefined variable $posts
in APPPATH\Views\pages\post\index.php on line 30.
 1 APPPATH\Views\pages\post\index.php(30): CodeIgniter\Debug\Exceptions->errorHandler(2, 'Undefined variable $posts', 'C:\\wamp64\\www\\projet-ars\\app\\Views\\pages\\post\\index.php', 30)
 2 SYSTEMPATH\View\View.php(228): include('C:\\wamp64\\www\\projet-ars\\app\\Views\\pages\\post\\index.php')
 3 SYSTEMPATH\View\View.php(231): CodeIgniter\View\View->CodeIgniter\View\{closure}()
 4 SYSTEMPATH\Common.php(1190): CodeIgniter\View\View->render('pages/post/index', [], true)
 5 APPPATH\Controllers\Post.php(29): view('pages/post/index', [...])
 6 SYSTEMPATH\CodeIgniter.php(942): App\Controllers\Post->index()
 7 SYSTEMPATH\CodeIgniter.php(502): CodeIgniter\CodeIgniter->runController(Object(App\Controllers\Post))
 8 SYSTEMPATH\CodeIgniter.php(361): CodeIgniter\CodeIgniter->handleRequest(null, Object(Config\Cache), false)
 9 FCPATH\index.php(79): CodeIgniter\CodeIgniter->run()
CRITICAL - 2024-07-02 22:53:58 --> Undefined variable $posts
in APPPATH\Views\pages\post\index.php on line 30.
 1 APPPATH\Views\pages\post\index.php(30): CodeIgniter\Debug\Exceptions->errorHandler(2, 'Undefined variable $posts', 'C:\\wamp64\\www\\projet-ars\\app\\Views\\pages\\post\\index.php', 30)
 2 SYSTEMPATH\View\View.php(228): include('C:\\wamp64\\www\\projet-ars\\app\\Views\\pages\\post\\index.php')
 3 SYSTEMPATH\View\View.php(231): CodeIgniter\View\View->CodeIgniter\View\{closure}()
 4 SYSTEMPATH\Common.php(1190): CodeIgniter\View\View->render('pages/post/index', [], true)
 5 APPPATH\Controllers\Post.php(29): view('pages/post/index', [...])
 6 SYSTEMPATH\CodeIgniter.php(942): App\Controllers\Post->index()
 7 SYSTEMPATH\CodeIgniter.php(502): CodeIgniter\CodeIgniter->runController(Object(App\Controllers\Post))
 8 SYSTEMPATH\CodeIgniter.php(361): CodeIgniter\CodeIgniter->handleRequest(null, Object(Config\Cache), false)
 9 FCPATH\index.php(79): CodeIgniter\CodeIgniter->run()
CRITICAL - 2024-07-02 22:55:06 --> Undefined array key "title"
in APPPATH\Views\pages\post\index.php on line 30.
 1 APPPATH\Views\pages\post\index.php(30): CodeIgniter\Debug\Exceptions->errorHandler(2, 'Undefined array key "title"', 'C:\\wamp64\\www\\projet-ars\\app\\Views\\pages\\post\\index.php', 30)
 2 SYSTEMPATH\View\View.php(228): include('C:\\wamp64\\www\\projet-ars\\app\\Views\\pages\\post\\index.php')
 3 SYSTEMPATH\View\View.php(231): CodeIgniter\View\View->CodeIgniter\View\{closure}()
 4 SYSTEMPATH\Common.php(1190): CodeIgniter\View\View->render('pages/post/index', [], true)
 5 APPPATH\Controllers\Post.php(29): view('pages/post/index', [...])
 6 SYSTEMPATH\CodeIgniter.php(942): App\Controllers\Post->index()
 7 SYSTEMPATH\CodeIgniter.php(502): CodeIgniter\CodeIgniter->runController(Object(App\Controllers\Post))
 8 SYSTEMPATH\CodeIgniter.php(361): CodeIgniter\CodeIgniter->handleRequest(null, Object(Config\Cache), false)
 9 FCPATH\index.php(79): CodeIgniter\CodeIgniter->run()
CRITICAL - 2024-07-02 22:57:43 --> Undefined variable $post
in APPPATH\Views\pages\post\index.php on line 31.
 1 APPPATH\Views\pages\post\index.php(31): CodeIgniter\Debug\Exceptions->errorHandler(2, 'Undefined variable $post', 'C:\\wamp64\\www\\projet-ars\\app\\Views\\pages\\post\\index.php', 31)
 2 SYSTEMPATH\View\View.php(228): include('C:\\wamp64\\www\\projet-ars\\app\\Views\\pages\\post\\index.php')
 3 SYSTEMPATH\View\View.php(231): CodeIgniter\View\View->CodeIgniter\View\{closure}()
 4 SYSTEMPATH\Common.php(1190): CodeIgniter\View\View->render('pages/post/index', [], true)
 5 APPPATH\Controllers\Post.php(29): view('pages/post/index', [...])
 6 SYSTEMPATH\CodeIgniter.php(942): App\Controllers\Post->index()
 7 SYSTEMPATH\CodeIgniter.php(502): CodeIgniter\CodeIgniter->runController(Object(App\Controllers\Post))
 8 SYSTEMPATH\CodeIgniter.php(361): CodeIgniter\CodeIgniter->handleRequest(null, Object(Config\Cache), false)
 9 FCPATH\index.php(79): CodeIgniter\CodeIgniter->run()
CRITICAL - 2024-07-02 22:57:56 --> Undefined variable $posts
in APPPATH\Views\pages\post\index.php on line 31.
 1 APPPATH\Views\pages\post\index.php(31): CodeIgniter\Debug\Exceptions->errorHandler(2, 'Undefined variable $posts', 'C:\\wamp64\\www\\projet-ars\\app\\Views\\pages\\post\\index.php', 31)
 2 SYSTEMPATH\View\View.php(228): include('C:\\wamp64\\www\\projet-ars\\app\\Views\\pages\\post\\index.php')
 3 SYSTEMPATH\View\View.php(231): CodeIgniter\View\View->CodeIgniter\View\{closure}()
 4 SYSTEMPATH\Common.php(1190): CodeIgniter\View\View->render('pages/post/index', [], true)
 5 APPPATH\Controllers\Post.php(29): view('pages/post/index', [...])
 6 SYSTEMPATH\CodeIgniter.php(942): App\Controllers\Post->index()
 7 SYSTEMPATH\CodeIgniter.php(502): CodeIgniter\CodeIgniter->runController(Object(App\Controllers\Post))
 8 SYSTEMPATH\CodeIgniter.php(361): CodeIgniter\CodeIgniter->handleRequest(null, Object(Config\Cache), false)
 9 FCPATH\index.php(79): CodeIgniter\CodeIgniter->run()
CRITICAL - 2024-07-02 23:02:34 --> Undefined variable $posts
in APPPATH\Views\pages\post\index.php on line 30.
 1 APPPATH\Views\pages\post\index.php(30): CodeIgniter\Debug\Exceptions->errorHandler(2, 'Undefined variable $posts', 'C:\\wamp64\\www\\projet-ars\\app\\Views\\pages\\post\\index.php', 30)
 2 SYSTEMPATH\View\View.php(228): include('C:\\wamp64\\www\\projet-ars\\app\\Views\\pages\\post\\index.php')
 3 SYSTEMPATH\View\View.php(231): CodeIgniter\View\View->CodeIgniter\View\{closure}()
 4 SYSTEMPATH\Common.php(1190): CodeIgniter\View\View->render('pages/post/index', [], true)
 5 APPPATH\Controllers\Post.php(29): view('pages/post/index', [...])
 6 SYSTEMPATH\CodeIgniter.php(942): App\Controllers\Post->index()
 7 SYSTEMPATH\CodeIgniter.php(502): CodeIgniter\CodeIgniter->runController(Object(App\Controllers\Post))
 8 SYSTEMPATH\CodeIgniter.php(361): CodeIgniter\CodeIgniter->handleRequest(null, Object(Config\Cache), false)
 9 FCPATH\index.php(79): CodeIgniter\CodeIgniter->run()
CRITICAL - 2024-07-02 23:04:28 --> Undefined variable $posts
in APPPATH\Views\pages\post\index.php on line 30.
 1 APPPATH\Views\pages\post\index.php(30): CodeIgniter\Debug\Exceptions->errorHandler(2, 'Undefined variable $posts', 'C:\\wamp64\\www\\projet-ars\\app\\Views\\pages\\post\\index.php', 30)
 2 SYSTEMPATH\View\View.php(228): include('C:\\wamp64\\www\\projet-ars\\app\\Views\\pages\\post\\index.php')
 3 SYSTEMPATH\View\View.php(231): CodeIgniter\View\View->CodeIgniter\View\{closure}()
 4 SYSTEMPATH\Common.php(1190): CodeIgniter\View\View->render('pages/post/index', [...], true)
 5 APPPATH\Controllers\Post.php(28): view('pages/post/index', [...], [...])
 6 SYSTEMPATH\CodeIgniter.php(942): App\Controllers\Post->index()
 7 SYSTEMPATH\CodeIgniter.php(502): CodeIgniter\CodeIgniter->runController(Object(App\Controllers\Post))
 8 SYSTEMPATH\CodeIgniter.php(361): CodeIgniter\CodeIgniter->handleRequest(null, Object(Config\Cache), false)
 9 FCPATH\index.php(79): CodeIgniter\CodeIgniter->run()
CRITICAL - 2024-07-02 23:04:31 --> Undefined variable $posts
in APPPATH\Views\pages\post\index.php on line 30.
 1 APPPATH\Views\pages\post\index.php(30): CodeIgniter\Debug\Exceptions->errorHandler(2, 'Undefined variable $posts', 'C:\\wamp64\\www\\projet-ars\\app\\Views\\pages\\post\\index.php', 30)
 2 SYSTEMPATH\View\View.php(228): include('C:\\wamp64\\www\\projet-ars\\app\\Views\\pages\\post\\index.php')
 3 SYSTEMPATH\View\View.php(231): CodeIgniter\View\View->CodeIgniter\View\{closure}()
 4 SYSTEMPATH\Common.php(1190): CodeIgniter\View\View->render('pages/post/index', [...], true)
 5 APPPATH\Controllers\Post.php(28): view('pages/post/index', [...], [...])
 6 SYSTEMPATH\CodeIgniter.php(942): App\Controllers\Post->index()
 7 SYSTEMPATH\CodeIgniter.php(502): CodeIgniter\CodeIgniter->runController(Object(App\Controllers\Post))
 8 SYSTEMPATH\CodeIgniter.php(361): CodeIgniter\CodeIgniter->handleRequest(null, Object(Config\Cache), false)
 9 FCPATH\index.php(79): CodeIgniter\CodeIgniter->run()
CRITICAL - 2024-07-02 23:04:48 --> Undefined variable $allCategory
in APPPATH\Views\pages\post\index.php on line 59.
 1 APPPATH\Views\pages\post\index.php(59): CodeIgniter\Debug\Exceptions->errorHandler(2, 'Undefined variable $allCategory', 'C:\\wamp64\\www\\projet-ars\\app\\Views\\pages\\post\\index.php', 59)
 2 SYSTEMPATH\View\View.php(228): include('C:\\wamp64\\www\\projet-ars\\app\\Views\\pages\\post\\index.php')
 3 SYSTEMPATH\View\View.php(231): CodeIgniter\View\View->CodeIgniter\View\{closure}()
 4 SYSTEMPATH\Common.php(1190): CodeIgniter\View\View->render('pages/post/index', [], true)
 5 APPPATH\Controllers\Post.php(28): view('pages/post/index', [...])
 6 SYSTEMPATH\CodeIgniter.php(942): App\Controllers\Post->index()
 7 SYSTEMPATH\CodeIgniter.php(502): CodeIgniter\CodeIgniter->runController(Object(App\Controllers\Post))
 8 SYSTEMPATH\CodeIgniter.php(361): CodeIgniter\CodeIgniter->handleRequest(null, Object(Config\Cache), false)
 9 FCPATH\index.php(79): CodeIgniter\CodeIgniter->run()
CRITICAL - 2024-07-02 23:18:53 --> Cannot use [] for reading
in APPPATH\Views\pages\post\index.php on line 31.
 1 [internal function]: CodeIgniter\Debug\Exceptions->shutdownHandler()
CRITICAL - 2024-07-02 23:19:18 --> Undefined variable $allPost
in APPPATH\Views\pages\post\index.php on line 30.
 1 APPPATH\Views\pages\post\index.php(30): CodeIgniter\Debug\Exceptions->errorHandler(2, 'Undefined variable $allPost', 'C:\\wamp64\\www\\projet-ars\\app\\Views\\pages\\post\\index.php', 30)
 2 SYSTEMPATH\View\View.php(228): include('C:\\wamp64\\www\\projet-ars\\app\\Views\\pages\\post\\index.php')
 3 SYSTEMPATH\View\View.php(231): CodeIgniter\View\View->CodeIgniter\View\{closure}()
 4 SYSTEMPATH\Common.php(1190): CodeIgniter\View\View->render('pages/post/index', [], true)
 5 APPPATH\Controllers\Post.php(29): view('pages/post/index', [...])
 6 SYSTEMPATH\CodeIgniter.php(942): App\Controllers\Post->index()
 7 SYSTEMPATH\CodeIgniter.php(502): CodeIgniter\CodeIgniter->runController(Object(App\Controllers\Post))
 8 SYSTEMPATH\CodeIgniter.php(361): CodeIgniter\CodeIgniter->handleRequest(null, Object(Config\Cache), false)
 9 FCPATH\index.php(79): CodeIgniter\CodeIgniter->run()
CRITICAL - 2024-07-02 23:19:36 --> Undefined array key "title"
in APPPATH\Views\pages\post\index.php on line 31.
 1 APPPATH\Views\pages\post\index.php(31): CodeIgniter\Debug\Exceptions->errorHandler(2, 'Undefined array key "title"', 'C:\\wamp64\\www\\projet-ars\\app\\Views\\pages\\post\\index.php', 31)
 2 SYSTEMPATH\View\View.php(228): include('C:\\wamp64\\www\\projet-ars\\app\\Views\\pages\\post\\index.php')
 3 SYSTEMPATH\View\View.php(231): CodeIgniter\View\View->CodeIgniter\View\{closure}()
 4 SYSTEMPATH\Common.php(1190): CodeIgniter\View\View->render('pages/post/index', [], true)
 5 APPPATH\Controllers\Post.php(29): view('pages/post/index', [...])
 6 SYSTEMPATH\CodeIgniter.php(942): App\Controllers\Post->index()
 7 SYSTEMPATH\CodeIgniter.php(502): CodeIgniter\CodeIgniter->runController(Object(App\Controllers\Post))
 8 SYSTEMPATH\CodeIgniter.php(361): CodeIgniter\CodeIgniter->handleRequest(null, Object(Config\Cache), false)
 9 FCPATH\index.php(79): CodeIgniter\CodeIgniter->run()
CRITICAL - 2024-07-02 23:35:48 --> Undefined array key "title"
in APPPATH\Views\pages\post\index.php on line 31.
 1 APPPATH\Views\pages\post\index.php(31): CodeIgniter\Debug\Exceptions->errorHandler(2, 'Undefined array key "title"', 'C:\\wamp64\\www\\projet-ars\\app\\Views\\pages\\post\\index.php', 31)
 2 SYSTEMPATH\View\View.php(228): include('C:\\wamp64\\www\\projet-ars\\app\\Views\\pages\\post\\index.php')
 3 SYSTEMPATH\View\View.php(231): CodeIgniter\View\View->CodeIgniter\View\{closure}()
 4 SYSTEMPATH\Common.php(1190): CodeIgniter\View\View->render('pages/post/index', [], true)
 5 APPPATH\Controllers\Post.php(29): view('pages/post/index', [...])
 6 SYSTEMPATH\CodeIgniter.php(942): App\Controllers\Post->index()
 7 SYSTEMPATH\CodeIgniter.php(502): CodeIgniter\CodeIgniter->runController(Object(App\Controllers\Post))
 8 SYSTEMPATH\CodeIgniter.php(361): CodeIgniter\CodeIgniter->handleRequest(null, Object(Config\Cache), false)
 9 FCPATH\index.php(79): CodeIgniter\CodeIgniter->run()
CRITICAL - 2024-07-02 23:52:50 --> Undefined array key 1
in APPPATH\Views\pages\post\index.php on line 30.
 1 APPPATH\Views\pages\post\index.php(30): CodeIgniter\Debug\Exceptions->errorHandler(2, 'Undefined array key 1', 'C:\\wamp64\\www\\projet-ars\\app\\Views\\pages\\post\\index.php', 30)
 2 SYSTEMPATH\View\View.php(228): include('C:\\wamp64\\www\\projet-ars\\app\\Views\\pages\\post\\index.php')
 3 SYSTEMPATH\View\View.php(231): CodeIgniter\View\View->CodeIgniter\View\{closure}()
 4 SYSTEMPATH\Common.php(1190): CodeIgniter\View\View->render('pages/post/index', [], true)
 5 APPPATH\Controllers\Post.php(29): view('pages/post/index', [...])
 6 SYSTEMPATH\CodeIgniter.php(942): App\Controllers\Post->index()
 7 SYSTEMPATH\CodeIgniter.php(502): CodeIgniter\CodeIgniter->runController(Object(App\Controllers\Post))
 8 SYSTEMPATH\CodeIgniter.php(361): CodeIgniter\CodeIgniter->handleRequest(null, Object(Config\Cache), false)
 9 FCPATH\index.php(79): CodeIgniter\CodeIgniter->run()
CRITICAL - 2024-07-02 23:53:20 --> Array to string conversion
in APPPATH\Views\pages\post\index.php on line 31.
 1 APPPATH\Views\pages\post\index.php(31): CodeIgniter\Debug\Exceptions->errorHandler(2, 'Array to string conversion', 'C:\\wamp64\\www\\projet-ars\\app\\Views\\pages\\post\\index.php', 31)
 2 SYSTEMPATH\View\View.php(228): include('C:\\wamp64\\www\\projet-ars\\app\\Views\\pages\\post\\index.php')
 3 SYSTEMPATH\View\View.php(231): CodeIgniter\View\View->CodeIgniter\View\{closure}()
 4 SYSTEMPATH\Common.php(1190): CodeIgniter\View\View->render('pages/post/index', [], true)
 5 APPPATH\Controllers\Post.php(29): view('pages/post/index', [...])
 6 SYSTEMPATH\CodeIgniter.php(942): App\Controllers\Post->index()
 7 SYSTEMPATH\CodeIgniter.php(502): CodeIgniter\CodeIgniter->runController(Object(App\Controllers\Post))
 8 SYSTEMPATH\CodeIgniter.php(361): CodeIgniter\CodeIgniter->handleRequest(null, Object(Config\Cache), false)
 9 FCPATH\index.php(79): CodeIgniter\CodeIgniter->run()
CRITICAL - 2024-07-02 23:56:03 --> Undefined array key "posts"
in APPPATH\Views\pages\post\index.php on line 31.
 1 APPPATH\Views\pages\post\index.php(31): CodeIgniter\Debug\Exceptions->errorHandler(2, 'Undefined array key "posts"', 'C:\\wamp64\\www\\projet-ars\\app\\Views\\pages\\post\\index.php', 31)
 2 SYSTEMPATH\View\View.php(228): include('C:\\wamp64\\www\\projet-ars\\app\\Views\\pages\\post\\index.php')
 3 SYSTEMPATH\View\View.php(231): CodeIgniter\View\View->CodeIgniter\View\{closure}()
 4 SYSTEMPATH\Common.php(1190): CodeIgniter\View\View->render('pages/post/index', [], true)
 5 APPPATH\Controllers\Post.php(29): view('pages/post/index', [...])
 6 SYSTEMPATH\CodeIgniter.php(942): App\Controllers\Post->index()
 7 SYSTEMPATH\CodeIgniter.php(502): CodeIgniter\CodeIgniter->runController(Object(App\Controllers\Post))
 8 SYSTEMPATH\CodeIgniter.php(361): CodeIgniter\CodeIgniter->handleRequest(null, Object(Config\Cache), false)
 9 FCPATH\index.php(79): CodeIgniter\CodeIgniter->run()
CRITICAL - 2024-07-02 23:56:23 --> Undefined array key "posts"
in APPPATH\Views\pages\post\index.php on line 31.
 1 APPPATH\Views\pages\post\index.php(31): CodeIgniter\Debug\Exceptions->errorHandler(2, 'Undefined array key "posts"', 'C:\\wamp64\\www\\projet-ars\\app\\Views\\pages\\post\\index.php', 31)
 2 SYSTEMPATH\View\View.php(228): include('C:\\wamp64\\www\\projet-ars\\app\\Views\\pages\\post\\index.php')
 3 SYSTEMPATH\View\View.php(231): CodeIgniter\View\View->CodeIgniter\View\{closure}()
 4 SYSTEMPATH\Common.php(1190): CodeIgniter\View\View->render('pages/post/index', [], true)
 5 APPPATH\Controllers\Post.php(29): view('pages/post/index', [...])
 6 SYSTEMPATH\CodeIgniter.php(942): App\Controllers\Post->index()
 7 SYSTEMPATH\CodeIgniter.php(502): CodeIgniter\CodeIgniter->runController(Object(App\Controllers\Post))
 8 SYSTEMPATH\CodeIgniter.php(361): CodeIgniter\CodeIgniter->handleRequest(null, Object(Config\Cache), false)
 9 FCPATH\index.php(79): CodeIgniter\CodeIgniter->run()
CRITICAL - 2024-07-02 23:56:26 --> Undefined array key "posts"
in APPPATH\Views\pages\post\index.php on line 31.
 1 APPPATH\Views\pages\post\index.php(31): CodeIgniter\Debug\Exceptions->errorHandler(2, 'Undefined array key "posts"', 'C:\\wamp64\\www\\projet-ars\\app\\Views\\pages\\post\\index.php', 31)
 2 SYSTEMPATH\View\View.php(228): include('C:\\wamp64\\www\\projet-ars\\app\\Views\\pages\\post\\index.php')
 3 SYSTEMPATH\View\View.php(231): CodeIgniter\View\View->CodeIgniter\View\{closure}()
 4 SYSTEMPATH\Common.php(1190): CodeIgniter\View\View->render('pages/post/index', [], true)
 5 APPPATH\Controllers\Post.php(29): view('pages/post/index', [...])
 6 SYSTEMPATH\CodeIgniter.php(942): App\Controllers\Post->index()
 7 SYSTEMPATH\CodeIgniter.php(502): CodeIgniter\CodeIgniter->runController(Object(App\Controllers\Post))
 8 SYSTEMPATH\CodeIgniter.php(361): CodeIgniter\CodeIgniter->handleRequest(null, Object(Config\Cache), false)
 9 FCPATH\index.php(79): CodeIgniter\CodeIgniter->run()
CRITICAL - 2024-07-02 23:56:45 --> Undefined array key "posts"
in APPPATH\Views\pages\post\index.php on line 32.
 1 APPPATH\Views\pages\post\index.php(32): CodeIgniter\Debug\Exceptions->errorHandler(2, 'Undefined array key "posts"', 'C:\\wamp64\\www\\projet-ars\\app\\Views\\pages\\post\\index.php', 32)
 2 SYSTEMPATH\View\View.php(228): include('C:\\wamp64\\www\\projet-ars\\app\\Views\\pages\\post\\index.php')
 3 SYSTEMPATH\View\View.php(231): CodeIgniter\View\View->CodeIgniter\View\{closure}()
 4 SYSTEMPATH\Common.php(1190): CodeIgniter\View\View->render('pages/post/index', [], true)
 5 APPPATH\Controllers\Post.php(29): view('pages/post/index', [...])
 6 SYSTEMPATH\CodeIgniter.php(942): App\Controllers\Post->index()
 7 SYSTEMPATH\CodeIgniter.php(502): CodeIgniter\CodeIgniter->runController(Object(App\Controllers\Post))
 8 SYSTEMPATH\CodeIgniter.php(361): CodeIgniter\CodeIgniter->handleRequest(null, Object(Config\Cache), false)
 9 FCPATH\index.php(79): CodeIgniter\CodeIgniter->run()
