CRITICAL - 2024-07-03 00:00:57 --> Undefined array key "title"
in APPPATH\Views\pages\post\index.php on line 31.
 1 APPPATH\Views\pages\post\index.php(31): CodeIgniter\Debug\Exceptions->errorHandler(2, 'Undefined array key "title"', 'C:\\wamp64\\www\\projet-ars\\app\\Views\\pages\\post\\index.php', 31)
 2 SYSTEMPATH\View\View.php(228): include('C:\\wamp64\\www\\projet-ars\\app\\Views\\pages\\post\\index.php')
 3 SYSTEMPATH\View\View.php(231): CodeIgniter\View\View->CodeIgniter\View\{closure}()
 4 SYSTEMPATH\Common.php(1190): CodeIgniter\View\View->render('pages/post/index', [], true)
 5 APPPATH\Controllers\Post.php(29): view('pages/post/index', [...])
 6 SYSTEMPATH\CodeIgniter.php(942): App\Controllers\Post->index()
 7 SYSTEMPATH\CodeIgniter.php(502): CodeIgniter\CodeIgniter->runController(Object(App\Controllers\Post))
 8 SYSTEMPATH\CodeIgniter.php(361): CodeIgniter\CodeIgniter->handleRequest(null, Object(Config\Cache), false)
 9 FCPATH\index.php(79): CodeIgniter\CodeIgniter->run()
CRITICAL - 2024-07-03 00:03:21 --> Cannot use object of type CodeIgniter\Pager\Pager as array
in APPPATH\Views\pages\post\index.php on line 31.
 1 SYSTEMPATH\View\View.php(228): include()
 2 SYSTEMPATH\View\View.php(231): CodeIgniter\View\View->CodeIgniter\View\{closure}()
 3 SYSTEMPATH\Common.php(1190): CodeIgniter\View\View->render('pages/post/index', [], true)
 4 APPPATH\Controllers\Post.php(29): view('pages/post/index', [...])
 5 SYSTEMPATH\CodeIgniter.php(942): App\Controllers\Post->index()
 6 SYSTEMPATH\CodeIgniter.php(502): CodeIgniter\CodeIgniter->runController(Object(App\Controllers\Post))
 7 SYSTEMPATH\CodeIgniter.php(361): CodeIgniter\CodeIgniter->handleRequest(null, Object(Config\Cache), false)
 8 FCPATH\index.php(79): CodeIgniter\CodeIgniter->run()
CRITICAL - 2024-07-03 00:14:09 --> Cannot use object of type mysqli as array
in APPPATH\Views\pages\post\index.php on line 31.
 1 SYSTEMPATH\View\View.php(228): include()
 2 SYSTEMPATH\View\View.php(231): CodeIgniter\View\View->CodeIgniter\View\{closure}()
 3 SYSTEMPATH\Common.php(1190): CodeIgniter\View\View->render('pages/post/index', [], true)
 4 APPPATH\Controllers\Post.php(29): view('pages/post/index', [...])
 5 SYSTEMPATH\CodeIgniter.php(942): App\Controllers\Post->index()
 6 SYSTEMPATH\CodeIgniter.php(502): CodeIgniter\CodeIgniter->runController(Object(App\Controllers\Post))
 7 SYSTEMPATH\CodeIgniter.php(361): CodeIgniter\CodeIgniter->handleRequest(null, Object(Config\Cache), false)
 8 FCPATH\index.php(79): CodeIgniter\CodeIgniter->run()
CRITICAL - 2024-07-03 00:14:28 --> Undefined property: mysqli::$title
in APPPATH\Views\pages\post\index.php on line 31.
 1 APPPATH\Views\pages\post\index.php(31): CodeIgniter\Debug\Exceptions->errorHandler(2, 'Undefined property: mysqli::$title', 'C:\\wamp64\\www\\projet-ars\\app\\Views\\pages\\post\\index.php', 31)
 2 SYSTEMPATH\View\View.php(228): include('C:\\wamp64\\www\\projet-ars\\app\\Views\\pages\\post\\index.php')
 3 SYSTEMPATH\View\View.php(231): CodeIgniter\View\View->CodeIgniter\View\{closure}()
 4 SYSTEMPATH\Common.php(1190): CodeIgniter\View\View->render('pages/post/index', [], true)
 5 APPPATH\Controllers\Post.php(29): view('pages/post/index', [...])
 6 SYSTEMPATH\CodeIgniter.php(942): App\Controllers\Post->index()
 7 SYSTEMPATH\CodeIgniter.php(502): CodeIgniter\CodeIgniter->runController(Object(App\Controllers\Post))
 8 SYSTEMPATH\CodeIgniter.php(361): CodeIgniter\CodeIgniter->handleRequest(null, Object(Config\Cache), false)
 9 FCPATH\index.php(79): CodeIgniter\CodeIgniter->run()
