CRITICAL - 2024-06-12 17:17:09 --> Invalid file: "layout/pages-layout.php"
in SYSTEMPATH\Exceptions\FrameworkException.php on line 39.
 1 SYSTEMPATH\View\View.php(216): CodeIgniter\Exceptions\FrameworkException::forInvalidFile('layout/pages-layout.php')
 2 SYSTEMPATH\View\View.php(244): CodeIgniter\View\View->render('layout/pages-layout', [], true)
 3 SYSTEMPATH\Common.php(1190): CodeIgniter\View\View->render('pages/home/index', [], true)
 4 APPPATH\Controllers\Home.php(9): view('pages/home/index')
 5 SYSTEMPATH\CodeIgniter.php(942): App\Controllers\Home->index()
 6 SYSTEMPATH\CodeIgniter.php(502): CodeIgniter\CodeIgniter->runController(Object(App\Controllers\Home))
 7 SYSTEMPATH\CodeIgniter.php(361): CodeIgniter\CodeIgniter->handleRequest(null, Object(Config\Cache), false)
 8 FCPATH\index.php(79): CodeIgniter\CodeIgniter->run()
CRITICAL - 2024-06-12 17:17:45 --> Invalid file: "/layout/pages-layout.php"
in SYSTEMPATH\Exceptions\FrameworkException.php on line 39.
 1 SYSTEMPATH\View\View.php(216): CodeIgniter\Exceptions\FrameworkException::forInvalidFile('/layout/pages-layout.php')
 2 SYSTEMPATH\View\View.php(244): CodeIgniter\View\View->render('/layout/pages-layout', [], true)
 3 SYSTEMPATH\Common.php(1190): CodeIgniter\View\View->render('pages/home/index', [], true)
 4 APPPATH\Controllers\Home.php(9): view('pages/home/index')
 5 SYSTEMPATH\CodeIgniter.php(942): App\Controllers\Home->index()
 6 SYSTEMPATH\CodeIgniter.php(502): CodeIgniter\CodeIgniter->runController(Object(App\Controllers\Home))
 7 SYSTEMPATH\CodeIgniter.php(361): CodeIgniter\CodeIgniter->handleRequest(null, Object(Config\Cache), false)
 8 FCPATH\index.php(79): CodeIgniter\CodeIgniter->run()
CRITICAL - 2024-06-12 17:18:33 --> Invalid file: "layout/pages-layout.php"
in SYSTEMPATH\Exceptions\FrameworkException.php on line 39.
 1 SYSTEMPATH\View\View.php(216): CodeIgniter\Exceptions\FrameworkException::forInvalidFile('layout/pages-layout.php')
 2 SYSTEMPATH\View\View.php(244): CodeIgniter\View\View->render('layout/pages-layout', [], true)
 3 SYSTEMPATH\Common.php(1190): CodeIgniter\View\View->render('pages/home/index', [], true)
 4 APPPATH\Controllers\Home.php(9): view('pages/home/index')
 5 SYSTEMPATH\CodeIgniter.php(942): App\Controllers\Home->index()
 6 SYSTEMPATH\CodeIgniter.php(502): CodeIgniter\CodeIgniter->runController(Object(App\Controllers\Home))
 7 SYSTEMPATH\CodeIgniter.php(361): CodeIgniter\CodeIgniter->handleRequest(null, Object(Config\Cache), false)
 8 FCPATH\index.php(79): CodeIgniter\CodeIgniter->run()
CRITICAL - 2024-06-12 17:18:46 --> Invalid file: "../../layout/pages-layout.php"
in SYSTEMPATH\Exceptions\FrameworkException.php on line 39.
 1 SYSTEMPATH\View\View.php(216): CodeIgniter\Exceptions\FrameworkException::forInvalidFile('../../layout/pages-layout.php')
 2 SYSTEMPATH\View\View.php(244): CodeIgniter\View\View->render('../../layout/pages-layout', [], true)
 3 SYSTEMPATH\Common.php(1190): CodeIgniter\View\View->render('pages/home/index', [], true)
 4 APPPATH\Controllers\Home.php(9): view('pages/home/index')
 5 SYSTEMPATH\CodeIgniter.php(942): App\Controllers\Home->index()
 6 SYSTEMPATH\CodeIgniter.php(502): CodeIgniter\CodeIgniter->runController(Object(App\Controllers\Home))
 7 SYSTEMPATH\CodeIgniter.php(361): CodeIgniter\CodeIgniter->handleRequest(null, Object(Config\Cache), false)
 8 FCPATH\index.php(79): CodeIgniter\CodeIgniter->run()
CRITICAL - 2024-06-12 17:19:30 --> Invalid file: "/app/Views/layout/page-layout.php"
in SYSTEMPATH\Exceptions\FrameworkException.php on line 39.
 1 SYSTEMPATH\View\View.php(216): CodeIgniter\Exceptions\FrameworkException::forInvalidFile('/app/Views/layout/page-layout.php')
 2 SYSTEMPATH\View\View.php(244): CodeIgniter\View\View->render('/app/Views/layout/page-layout', [], true)
 3 SYSTEMPATH\Common.php(1190): CodeIgniter\View\View->render('pages/home/index', [], true)
 4 APPPATH\Controllers\Home.php(9): view('pages/home/index')
 5 SYSTEMPATH\CodeIgniter.php(942): App\Controllers\Home->index()
 6 SYSTEMPATH\CodeIgniter.php(502): CodeIgniter\CodeIgniter->runController(Object(App\Controllers\Home))
 7 SYSTEMPATH\CodeIgniter.php(361): CodeIgniter\CodeIgniter->handleRequest(null, Object(Config\Cache), false)
 8 FCPATH\index.php(79): CodeIgniter\CodeIgniter->run()
CRITICAL - 2024-06-12 17:19:48 --> Invalid file: "/app/Views/layout/page-layout.php"
in SYSTEMPATH\Exceptions\FrameworkException.php on line 39.
 1 SYSTEMPATH\View\View.php(216): CodeIgniter\Exceptions\FrameworkException::forInvalidFile('/app/Views/layout/page-layout.php')
 2 SYSTEMPATH\View\View.php(244): CodeIgniter\View\View->render('/app/Views/layout/page-layout.php', [], true)
 3 SYSTEMPATH\Common.php(1190): CodeIgniter\View\View->render('pages/home/index', [], true)
 4 APPPATH\Controllers\Home.php(9): view('pages/home/index')
 5 SYSTEMPATH\CodeIgniter.php(942): App\Controllers\Home->index()
 6 SYSTEMPATH\CodeIgniter.php(502): CodeIgniter\CodeIgniter->runController(Object(App\Controllers\Home))
 7 SYSTEMPATH\CodeIgniter.php(361): CodeIgniter\CodeIgniter->handleRequest(null, Object(Config\Cache), false)
 8 FCPATH\index.php(79): CodeIgniter\CodeIgniter->run()
INFO - 2024-06-12 17:26:17 --> Session: Class initialized using 'CodeIgniter\Session\Handlers\FileHandler' driver.
INFO - 2024-06-12 17:26:40 --> Session: Class initialized using 'CodeIgniter\Session\Handlers\FileHandler' driver.
INFO - 2024-06-12 17:27:18 --> Session: Class initialized using 'CodeIgniter\Session\Handlers\FileHandler' driver.
INFO - 2024-06-12 17:29:45 --> Session: Class initialized using 'CodeIgniter\Session\Handlers\FileHandler' driver.
INFO - 2024-06-12 17:30:03 --> Session: Class initialized using 'CodeIgniter\Session\Handlers\FileHandler' driver.
