INFO - 2024-06-15 20:29:33 --> Session: Class initialized using 'CodeIgniter\Session\Handlers\FileHandler' driver.
INFO - 2024-06-15 20:29:47 --> Session: Class initialized using 'CodeIgniter\Session\Handlers\FileHandler' driver.
INFO - 2024-06-15 20:29:54 --> Session: Class initialized using 'CodeIgniter\Session\Handlers\FileHandler' driver.
ERROR - 2024-06-15 20:30:28 --> mysqli_sql_exception: Champ 'post.users_id' inconnu dans on clause in C:\wamp64\www\projet-ars\system\Database\MySQLi\Connection.php:306
Stack trace:
#0 C:\wamp64\www\projet-ars\system\Database\MySQLi\Connection.php(306): mysqli->query('SELECT *\nFROM `...', 0)
#1 C:\wamp64\www\projet-ars\system\Database\BaseConnection.php(693): CodeIgniter\Database\MySQLi\Connection->execute('SELECT *\nFROM `...')
#2 C:\wamp64\www\projet-ars\system\Database\BaseConnection.php(607): CodeIgniter\Database\BaseConnection->simpleQuery('SELECT *\nFROM `...')
#3 C:\wamp64\www\projet-ars\system\Database\BaseBuilder.php(1615): CodeIgniter\Database\BaseConnection->query('SELECT *\nFROM `...', Array, false)
#4 C:\wamp64\www\projet-ars\app\Models\Post.php(30): CodeIgniter\Database\BaseBuilder->get()
#5 C:\wamp64\www\projet-ars\app\Controllers\AdminController.php(192): App\Models\Post->getAll()
#6 C:\wamp64\www\projet-ars\system\CodeIgniter.php(942): App\Controllers\AdminController->listPost()
#7 C:\wamp64\www\projet-ars\system\CodeIgniter.php(502): CodeIgniter\CodeIgniter->runController(Object(App\Controllers\AdminController))
#8 C:\wamp64\www\projet-ars\system\CodeIgniter.php(361): CodeIgniter\CodeIgniter->handleRequest(NULL, Object(Config\Cache), false)
#9 C:\wamp64\www\projet-ars\public\index.php(79): CodeIgniter\CodeIgniter->run()
#10 {main}
CRITICAL - 2024-06-15 20:30:28 --> Champ 'post.users_id' inconnu dans on clause
in SYSTEMPATH\Database\BaseConnection.php on line 647.
 1 SYSTEMPATH\Database\BaseBuilder.php(1615): CodeIgniter\Database\BaseConnection->query('SELECT *
FROM `post`
JOIN `categorypost` ON `categorypost`.`id` = `post`.`id`
JOIN `users` ON `users`.`id` = `post`.`users_id`', [], false)
 2 APPPATH\Models\Post.php(30): CodeIgniter\Database\BaseBuilder->get()
 3 APPPATH\Controllers\AdminController.php(192): App\Models\Post->getAll()
 4 SYSTEMPATH\CodeIgniter.php(942): App\Controllers\AdminController->listPost()
 5 SYSTEMPATH\CodeIgniter.php(502): CodeIgniter\CodeIgniter->runController(Object(App\Controllers\AdminController))
 6 SYSTEMPATH\CodeIgniter.php(361): CodeIgniter\CodeIgniter->handleRequest(null, Object(Config\Cache), false)
 7 FCPATH\index.php(79): CodeIgniter\CodeIgniter->run()
CRITICAL - 2024-06-15 20:32:11 --> Cannot use object of type mysqli as array
in APPPATH\Views\backend\pages\post\list.php on line 35.
 1 SYSTEMPATH\View\View.php(228): include()
 2 SYSTEMPATH\View\View.php(231): CodeIgniter\View\View->CodeIgniter\View\{closure}()
 3 SYSTEMPATH\Common.php(1190): CodeIgniter\View\View->render('backend/pages/post/list', [], true)
 4 APPPATH\Controllers\AdminController.php(200): view('backend/pages/post/list', [...])
 5 SYSTEMPATH\CodeIgniter.php(942): App\Controllers\AdminController->listPost()
 6 SYSTEMPATH\CodeIgniter.php(502): CodeIgniter\CodeIgniter->runController(Object(App\Controllers\AdminController))
 7 SYSTEMPATH\CodeIgniter.php(361): CodeIgniter\CodeIgniter->handleRequest(null, Object(Config\Cache), false)
 8 FCPATH\index.php(79): CodeIgniter\CodeIgniter->run()
CRITICAL - 2024-06-15 20:36:54 --> Undefined array key "categorypost.name"
in APPPATH\Views\backend\pages\post\list.php on line 38.
 1 APPPATH\Views\backend\pages\post\list.php(38): CodeIgniter\Debug\Exceptions->errorHandler(2, 'Undefined array key "categorypost.name"', 'C:\\wamp64\\www\\projet-ars\\app\\Views\\backend\\pages\\post\\list.php', 38)
 2 SYSTEMPATH\View\View.php(228): include('C:\\wamp64\\www\\projet-ars\\app\\Views\\backend\\pages\\post\\list.php')
 3 SYSTEMPATH\View\View.php(231): CodeIgniter\View\View->CodeIgniter\View\{closure}()
 4 SYSTEMPATH\Common.php(1190): CodeIgniter\View\View->render('backend/pages/post/list', [], true)
 5 APPPATH\Controllers\AdminController.php(200): view('backend/pages/post/list', [...])
 6 SYSTEMPATH\CodeIgniter.php(942): App\Controllers\AdminController->listPost()
 7 SYSTEMPATH\CodeIgniter.php(502): CodeIgniter\CodeIgniter->runController(Object(App\Controllers\AdminController))
 8 SYSTEMPATH\CodeIgniter.php(361): CodeIgniter\CodeIgniter->handleRequest(null, Object(Config\Cache), false)
 9 FCPATH\index.php(79): CodeIgniter\CodeIgniter->run()
