CRITICAL - 2024-06-14 12:44:10 --> Invalid file: "add.php"
in SYSTEMPATH\Exceptions\FrameworkException.php on line 39.
 1 SYSTEMPATH\View\View.php(216): CodeIgniter\Exceptions\FrameworkException::forInvalidFile('add.php')
 2 SYSTEMPATH\Common.php(1190): CodeIgniter\View\View->render('add', [], true)
 3 APPPATH\Controllers\Postuler.php(16): view('add')
 4 SYSTEMPATH\CodeIgniter.php(942): App\Controllers\Postuler->add()
 5 SYSTEMPATH\CodeIgniter.php(502): CodeIgniter\CodeIgniter->runController(Object(App\Controllers\Postuler))
 6 SYSTEMPATH\CodeIgniter.php(361): CodeIgniter\CodeIgniter->handleRequest(null, Object(Config\Cache), false)
 7 FCPATH\index.php(79): CodeIgniter\CodeIgniter->run()
 8 SYSTEMPATH\Commands\Server\rewrite.php(47): require_once('E:\\wamp64\\www\\Relief\\public\\index.php')
CRITICAL - 2024-06-14 12:44:10 --> Invalid file: "add.php"
in SYSTEMPATH\Exceptions\FrameworkException.php on line 39.
 1 SYSTEMPATH\View\View.php(216): CodeIgniter\Exceptions\FrameworkException::forInvalidFile('add.php')
 2 SYSTEMPATH\Common.php(1190): CodeIgniter\View\View->render('add', [], true)
 3 APPPATH\Controllers\Postuler.php(16): view('add')
 4 SYSTEMPATH\CodeIgniter.php(942): App\Controllers\Postuler->add()
 5 SYSTEMPATH\CodeIgniter.php(502): CodeIgniter\CodeIgniter->runController(Object(App\Controllers\Postuler))
 6 SYSTEMPATH\CodeIgniter.php(361): CodeIgniter\CodeIgniter->handleRequest(null, Object(Config\Cache), false)
 7 FCPATH\index.php(79): CodeIgniter\CodeIgniter->run()
 8 SYSTEMPATH\Commands\Server\rewrite.php(47): require_once('E:\\wamp64\\www\\Relief\\public\\index.php')
CRITICAL - 2024-06-14 12:46:41 --> Invalid file: "add.php"
in SYSTEMPATH\Exceptions\FrameworkException.php on line 39.
 1 SYSTEMPATH\View\View.php(216): CodeIgniter\Exceptions\FrameworkException::forInvalidFile('add.php')
 2 SYSTEMPATH\Common.php(1190): CodeIgniter\View\View->render('add', [], true)
 3 APPPATH\Controllers\Postuler.php(16): view('add')
 4 SYSTEMPATH\CodeIgniter.php(942): App\Controllers\Postuler->add()
 5 SYSTEMPATH\CodeIgniter.php(502): CodeIgniter\CodeIgniter->runController(Object(App\Controllers\Postuler))
 6 SYSTEMPATH\CodeIgniter.php(361): CodeIgniter\CodeIgniter->handleRequest(null, Object(Config\Cache), false)
 7 FCPATH\index.php(79): CodeIgniter\CodeIgniter->run()
 8 SYSTEMPATH\Commands\Server\rewrite.php(47): require_once('E:\\wamp64\\www\\Relief\\public\\index.php')
CRITICAL - 2024-06-14 12:46:53 --> Invalid file: "add.php"
in SYSTEMPATH\Exceptions\FrameworkException.php on line 39.
 1 SYSTEMPATH\View\View.php(216): CodeIgniter\Exceptions\FrameworkException::forInvalidFile('add.php')
 2 SYSTEMPATH\Common.php(1190): CodeIgniter\View\View->render('add', [], true)
 3 APPPATH\Controllers\Postuler.php(16): view('add')
 4 SYSTEMPATH\CodeIgniter.php(942): App\Controllers\Postuler->add()
 5 SYSTEMPATH\CodeIgniter.php(502): CodeIgniter\CodeIgniter->runController(Object(App\Controllers\Postuler))
 6 SYSTEMPATH\CodeIgniter.php(361): CodeIgniter\CodeIgniter->handleRequest(null, Object(Config\Cache), false)
 7 FCPATH\index.php(79): CodeIgniter\CodeIgniter->run()
 8 SYSTEMPATH\Commands\Server\rewrite.php(47): require_once('E:\\wamp64\\www\\Relief\\public\\index.php')
CRITICAL - 2024-06-14 12:46:54 --> Invalid file: "add.php"
in SYSTEMPATH\Exceptions\FrameworkException.php on line 39.
 1 SYSTEMPATH\View\View.php(216): CodeIgniter\Exceptions\FrameworkException::forInvalidFile('add.php')
 2 SYSTEMPATH\Common.php(1190): CodeIgniter\View\View->render('add', [], true)
 3 APPPATH\Controllers\Postuler.php(16): view('add')
 4 SYSTEMPATH\CodeIgniter.php(942): App\Controllers\Postuler->add()
 5 SYSTEMPATH\CodeIgniter.php(502): CodeIgniter\CodeIgniter->runController(Object(App\Controllers\Postuler))
 6 SYSTEMPATH\CodeIgniter.php(361): CodeIgniter\CodeIgniter->handleRequest(null, Object(Config\Cache), false)
 7 FCPATH\index.php(79): CodeIgniter\CodeIgniter->run()
 8 SYSTEMPATH\Commands\Server\rewrite.php(47): require_once('E:\\wamp64\\www\\Relief\\public\\index.php')
CRITICAL - 2024-06-14 12:46:54 --> Invalid file: "add.php"
in SYSTEMPATH\Exceptions\FrameworkException.php on line 39.
 1 SYSTEMPATH\View\View.php(216): CodeIgniter\Exceptions\FrameworkException::forInvalidFile('add.php')
 2 SYSTEMPATH\Common.php(1190): CodeIgniter\View\View->render('add', [], true)
 3 APPPATH\Controllers\Postuler.php(16): view('add')
 4 SYSTEMPATH\CodeIgniter.php(942): App\Controllers\Postuler->add()
 5 SYSTEMPATH\CodeIgniter.php(502): CodeIgniter\CodeIgniter->runController(Object(App\Controllers\Postuler))
 6 SYSTEMPATH\CodeIgniter.php(361): CodeIgniter\CodeIgniter->handleRequest(null, Object(Config\Cache), false)
 7 FCPATH\index.php(79): CodeIgniter\CodeIgniter->run()
 8 SYSTEMPATH\Commands\Server\rewrite.php(47): require_once('E:\\wamp64\\www\\Relief\\public\\index.php')
CRITICAL - 2024-06-14 12:46:54 --> Invalid file: "add.php"
in SYSTEMPATH\Exceptions\FrameworkException.php on line 39.
 1 SYSTEMPATH\View\View.php(216): CodeIgniter\Exceptions\FrameworkException::forInvalidFile('add.php')
 2 SYSTEMPATH\Common.php(1190): CodeIgniter\View\View->render('add', [], true)
 3 APPPATH\Controllers\Postuler.php(16): view('add')
 4 SYSTEMPATH\CodeIgniter.php(942): App\Controllers\Postuler->add()
 5 SYSTEMPATH\CodeIgniter.php(502): CodeIgniter\CodeIgniter->runController(Object(App\Controllers\Postuler))
 6 SYSTEMPATH\CodeIgniter.php(361): CodeIgniter\CodeIgniter->handleRequest(null, Object(Config\Cache), false)
 7 FCPATH\index.php(79): CodeIgniter\CodeIgniter->run()
 8 SYSTEMPATH\Commands\Server\rewrite.php(47): require_once('E:\\wamp64\\www\\Relief\\public\\index.php')
CRITICAL - 2024-06-14 12:46:54 --> Invalid file: "add.php"
in SYSTEMPATH\Exceptions\FrameworkException.php on line 39.
 1 SYSTEMPATH\View\View.php(216): CodeIgniter\Exceptions\FrameworkException::forInvalidFile('add.php')
 2 SYSTEMPATH\Common.php(1190): CodeIgniter\View\View->render('add', [], true)
 3 APPPATH\Controllers\Postuler.php(16): view('add')
 4 SYSTEMPATH\CodeIgniter.php(942): App\Controllers\Postuler->add()
 5 SYSTEMPATH\CodeIgniter.php(502): CodeIgniter\CodeIgniter->runController(Object(App\Controllers\Postuler))
 6 SYSTEMPATH\CodeIgniter.php(361): CodeIgniter\CodeIgniter->handleRequest(null, Object(Config\Cache), false)
 7 FCPATH\index.php(79): CodeIgniter\CodeIgniter->run()
 8 SYSTEMPATH\Commands\Server\rewrite.php(47): require_once('E:\\wamp64\\www\\Relief\\public\\index.php')
CRITICAL - 2024-06-14 12:46:54 --> Invalid file: "add.php"
in SYSTEMPATH\Exceptions\FrameworkException.php on line 39.
 1 SYSTEMPATH\View\View.php(216): CodeIgniter\Exceptions\FrameworkException::forInvalidFile('add.php')
 2 SYSTEMPATH\Common.php(1190): CodeIgniter\View\View->render('add', [], true)
 3 APPPATH\Controllers\Postuler.php(16): view('add')
 4 SYSTEMPATH\CodeIgniter.php(942): App\Controllers\Postuler->add()
 5 SYSTEMPATH\CodeIgniter.php(502): CodeIgniter\CodeIgniter->runController(Object(App\Controllers\Postuler))
 6 SYSTEMPATH\CodeIgniter.php(361): CodeIgniter\CodeIgniter->handleRequest(null, Object(Config\Cache), false)
 7 FCPATH\index.php(79): CodeIgniter\CodeIgniter->run()
 8 SYSTEMPATH\Commands\Server\rewrite.php(47): require_once('E:\\wamp64\\www\\Relief\\public\\index.php')
CRITICAL - 2024-06-14 12:46:54 --> Invalid file: "add.php"
in SYSTEMPATH\Exceptions\FrameworkException.php on line 39.
 1 SYSTEMPATH\View\View.php(216): CodeIgniter\Exceptions\FrameworkException::forInvalidFile('add.php')
 2 SYSTEMPATH\Common.php(1190): CodeIgniter\View\View->render('add', [], true)
 3 APPPATH\Controllers\Postuler.php(16): view('add')
 4 SYSTEMPATH\CodeIgniter.php(942): App\Controllers\Postuler->add()
 5 SYSTEMPATH\CodeIgniter.php(502): CodeIgniter\CodeIgniter->runController(Object(App\Controllers\Postuler))
 6 SYSTEMPATH\CodeIgniter.php(361): CodeIgniter\CodeIgniter->handleRequest(null, Object(Config\Cache), false)
 7 FCPATH\index.php(79): CodeIgniter\CodeIgniter->run()
 8 SYSTEMPATH\Commands\Server\rewrite.php(47): require_once('E:\\wamp64\\www\\Relief\\public\\index.php')
CRITICAL - 2024-06-14 12:47:20 --> Invalid file: "add.php"
in SYSTEMPATH\Exceptions\FrameworkException.php on line 39.
 1 SYSTEMPATH\View\View.php(216): CodeIgniter\Exceptions\FrameworkException::forInvalidFile('add.php')
 2 SYSTEMPATH\Common.php(1190): CodeIgniter\View\View->render('add', [], true)
 3 APPPATH\Controllers\Postuler.php(16): view('add')
 4 SYSTEMPATH\CodeIgniter.php(942): App\Controllers\Postuler->add()
 5 SYSTEMPATH\CodeIgniter.php(502): CodeIgniter\CodeIgniter->runController(Object(App\Controllers\Postuler))
 6 SYSTEMPATH\CodeIgniter.php(361): CodeIgniter\CodeIgniter->handleRequest(null, Object(Config\Cache), false)
 7 FCPATH\index.php(79): CodeIgniter\CodeIgniter->run()
 8 SYSTEMPATH\Commands\Server\rewrite.php(47): require_once('E:\\wamp64\\www\\Relief\\public\\index.php')
CRITICAL - 2024-06-14 12:47:21 --> Invalid file: "add.php"
in SYSTEMPATH\Exceptions\FrameworkException.php on line 39.
 1 SYSTEMPATH\View\View.php(216): CodeIgniter\Exceptions\FrameworkException::forInvalidFile('add.php')
 2 SYSTEMPATH\Common.php(1190): CodeIgniter\View\View->render('add', [], true)
 3 APPPATH\Controllers\Postuler.php(16): view('add')
 4 SYSTEMPATH\CodeIgniter.php(942): App\Controllers\Postuler->add()
 5 SYSTEMPATH\CodeIgniter.php(502): CodeIgniter\CodeIgniter->runController(Object(App\Controllers\Postuler))
 6 SYSTEMPATH\CodeIgniter.php(361): CodeIgniter\CodeIgniter->handleRequest(null, Object(Config\Cache), false)
 7 FCPATH\index.php(79): CodeIgniter\CodeIgniter->run()
 8 SYSTEMPATH\Commands\Server\rewrite.php(47): require_once('E:\\wamp64\\www\\Relief\\public\\index.php')
CRITICAL - 2024-06-14 12:57:46 --> Invalid file: "add.php"
in SYSTEMPATH\Exceptions\FrameworkException.php on line 39.
 1 SYSTEMPATH\View\View.php(216): CodeIgniter\Exceptions\FrameworkException::forInvalidFile('add.php')
 2 SYSTEMPATH\Common.php(1190): CodeIgniter\View\View->render('add', [], true)
 3 APPPATH\Controllers\Postuler.php(16): view('add')
 4 SYSTEMPATH\CodeIgniter.php(942): App\Controllers\Postuler->add()
 5 SYSTEMPATH\CodeIgniter.php(502): CodeIgniter\CodeIgniter->runController(Object(App\Controllers\Postuler))
 6 SYSTEMPATH\CodeIgniter.php(361): CodeIgniter\CodeIgniter->handleRequest(null, Object(Config\Cache), false)
 7 FCPATH\index.php(79): CodeIgniter\CodeIgniter->run()
 8 SYSTEMPATH\Commands\Server\rewrite.php(47): require_once('E:\\wamp64\\www\\Relief\\public\\index.php')
CRITICAL - 2024-06-14 12:57:47 --> Invalid file: "add.php"
in SYSTEMPATH\Exceptions\FrameworkException.php on line 39.
 1 SYSTEMPATH\View\View.php(216): CodeIgniter\Exceptions\FrameworkException::forInvalidFile('add.php')
 2 SYSTEMPATH\Common.php(1190): CodeIgniter\View\View->render('add', [], true)
 3 APPPATH\Controllers\Postuler.php(16): view('add')
 4 SYSTEMPATH\CodeIgniter.php(942): App\Controllers\Postuler->add()
 5 SYSTEMPATH\CodeIgniter.php(502): CodeIgniter\CodeIgniter->runController(Object(App\Controllers\Postuler))
 6 SYSTEMPATH\CodeIgniter.php(361): CodeIgniter\CodeIgniter->handleRequest(null, Object(Config\Cache), false)
 7 FCPATH\index.php(79): CodeIgniter\CodeIgniter->run()
 8 SYSTEMPATH\Commands\Server\rewrite.php(47): require_once('E:\\wamp64\\www\\Relief\\public\\index.php')
CRITICAL - 2024-06-14 13:00:04 --> Invalid file: "add.php"
in SYSTEMPATH\Exceptions\FrameworkException.php on line 39.
 1 SYSTEMPATH\View\View.php(216): CodeIgniter\Exceptions\FrameworkException::forInvalidFile('add.php')
 2 SYSTEMPATH\Common.php(1190): CodeIgniter\View\View->render('add', [], true)
 3 APPPATH\Controllers\Postuler.php(16): view('add')
 4 SYSTEMPATH\CodeIgniter.php(942): App\Controllers\Postuler->add()
 5 SYSTEMPATH\CodeIgniter.php(502): CodeIgniter\CodeIgniter->runController(Object(App\Controllers\Postuler))
 6 SYSTEMPATH\CodeIgniter.php(361): CodeIgniter\CodeIgniter->handleRequest(null, Object(Config\Cache), false)
 7 FCPATH\index.php(79): CodeIgniter\CodeIgniter->run()
 8 SYSTEMPATH\Commands\Server\rewrite.php(47): require_once('E:\\wamp64\\www\\Relief\\public\\index.php')
CRITICAL - 2024-06-14 13:00:05 --> Invalid file: "add.php"
in SYSTEMPATH\Exceptions\FrameworkException.php on line 39.
 1 SYSTEMPATH\View\View.php(216): CodeIgniter\Exceptions\FrameworkException::forInvalidFile('add.php')
 2 SYSTEMPATH\Common.php(1190): CodeIgniter\View\View->render('add', [], true)
 3 APPPATH\Controllers\Postuler.php(16): view('add')
 4 SYSTEMPATH\CodeIgniter.php(942): App\Controllers\Postuler->add()
 5 SYSTEMPATH\CodeIgniter.php(502): CodeIgniter\CodeIgniter->runController(Object(App\Controllers\Postuler))
 6 SYSTEMPATH\CodeIgniter.php(361): CodeIgniter\CodeIgniter->handleRequest(null, Object(Config\Cache), false)
 7 FCPATH\index.php(79): CodeIgniter\CodeIgniter->run()
 8 SYSTEMPATH\Commands\Server\rewrite.php(47): require_once('E:\\wamp64\\www\\Relief\\public\\index.php')
CRITICAL - 2024-06-14 13:00:05 --> Invalid file: "add.php"
in SYSTEMPATH\Exceptions\FrameworkException.php on line 39.
 1 SYSTEMPATH\View\View.php(216): CodeIgniter\Exceptions\FrameworkException::forInvalidFile('add.php')
 2 SYSTEMPATH\Common.php(1190): CodeIgniter\View\View->render('add', [], true)
 3 APPPATH\Controllers\Postuler.php(16): view('add')
 4 SYSTEMPATH\CodeIgniter.php(942): App\Controllers\Postuler->add()
 5 SYSTEMPATH\CodeIgniter.php(502): CodeIgniter\CodeIgniter->runController(Object(App\Controllers\Postuler))
 6 SYSTEMPATH\CodeIgniter.php(361): CodeIgniter\CodeIgniter->handleRequest(null, Object(Config\Cache), false)
 7 FCPATH\index.php(79): CodeIgniter\CodeIgniter->run()
 8 SYSTEMPATH\Commands\Server\rewrite.php(47): require_once('E:\\wamp64\\www\\Relief\\public\\index.php')
CRITICAL - 2024-06-14 13:00:05 --> Invalid file: "add.php"
in SYSTEMPATH\Exceptions\FrameworkException.php on line 39.
 1 SYSTEMPATH\View\View.php(216): CodeIgniter\Exceptions\FrameworkException::forInvalidFile('add.php')
 2 SYSTEMPATH\Common.php(1190): CodeIgniter\View\View->render('add', [], true)
 3 APPPATH\Controllers\Postuler.php(16): view('add')
 4 SYSTEMPATH\CodeIgniter.php(942): App\Controllers\Postuler->add()
 5 SYSTEMPATH\CodeIgniter.php(502): CodeIgniter\CodeIgniter->runController(Object(App\Controllers\Postuler))
 6 SYSTEMPATH\CodeIgniter.php(361): CodeIgniter\CodeIgniter->handleRequest(null, Object(Config\Cache), false)
 7 FCPATH\index.php(79): CodeIgniter\CodeIgniter->run()
 8 SYSTEMPATH\Commands\Server\rewrite.php(47): require_once('E:\\wamp64\\www\\Relief\\public\\index.php')
CRITICAL - 2024-06-14 13:00:05 --> Invalid file: "add.php"
in SYSTEMPATH\Exceptions\FrameworkException.php on line 39.
 1 SYSTEMPATH\View\View.php(216): CodeIgniter\Exceptions\FrameworkException::forInvalidFile('add.php')
 2 SYSTEMPATH\Common.php(1190): CodeIgniter\View\View->render('add', [], true)
 3 APPPATH\Controllers\Postuler.php(16): view('add')
 4 SYSTEMPATH\CodeIgniter.php(942): App\Controllers\Postuler->add()
 5 SYSTEMPATH\CodeIgniter.php(502): CodeIgniter\CodeIgniter->runController(Object(App\Controllers\Postuler))
 6 SYSTEMPATH\CodeIgniter.php(361): CodeIgniter\CodeIgniter->handleRequest(null, Object(Config\Cache), false)
 7 FCPATH\index.php(79): CodeIgniter\CodeIgniter->run()
 8 SYSTEMPATH\Commands\Server\rewrite.php(47): require_once('E:\\wamp64\\www\\Relief\\public\\index.php')
CRITICAL - 2024-06-14 13:00:05 --> Invalid file: "add.php"
in SYSTEMPATH\Exceptions\FrameworkException.php on line 39.
 1 SYSTEMPATH\View\View.php(216): CodeIgniter\Exceptions\FrameworkException::forInvalidFile('add.php')
 2 SYSTEMPATH\Common.php(1190): CodeIgniter\View\View->render('add', [], true)
 3 APPPATH\Controllers\Postuler.php(16): view('add')
 4 SYSTEMPATH\CodeIgniter.php(942): App\Controllers\Postuler->add()
 5 SYSTEMPATH\CodeIgniter.php(502): CodeIgniter\CodeIgniter->runController(Object(App\Controllers\Postuler))
 6 SYSTEMPATH\CodeIgniter.php(361): CodeIgniter\CodeIgniter->handleRequest(null, Object(Config\Cache), false)
 7 FCPATH\index.php(79): CodeIgniter\CodeIgniter->run()
 8 SYSTEMPATH\Commands\Server\rewrite.php(47): require_once('E:\\wamp64\\www\\Relief\\public\\index.php')
CRITICAL - 2024-06-14 13:00:06 --> Invalid file: "add.php"
in SYSTEMPATH\Exceptions\FrameworkException.php on line 39.
 1 SYSTEMPATH\View\View.php(216): CodeIgniter\Exceptions\FrameworkException::forInvalidFile('add.php')
 2 SYSTEMPATH\Common.php(1190): CodeIgniter\View\View->render('add', [], true)
 3 APPPATH\Controllers\Postuler.php(16): view('add')
 4 SYSTEMPATH\CodeIgniter.php(942): App\Controllers\Postuler->add()
 5 SYSTEMPATH\CodeIgniter.php(502): CodeIgniter\CodeIgniter->runController(Object(App\Controllers\Postuler))
 6 SYSTEMPATH\CodeIgniter.php(361): CodeIgniter\CodeIgniter->handleRequest(null, Object(Config\Cache), false)
 7 FCPATH\index.php(79): CodeIgniter\CodeIgniter->run()
 8 SYSTEMPATH\Commands\Server\rewrite.php(47): require_once('E:\\wamp64\\www\\Relief\\public\\index.php')
CRITICAL - 2024-06-14 13:00:06 --> Invalid file: "add.php"
in SYSTEMPATH\Exceptions\FrameworkException.php on line 39.
 1 SYSTEMPATH\View\View.php(216): CodeIgniter\Exceptions\FrameworkException::forInvalidFile('add.php')
 2 SYSTEMPATH\Common.php(1190): CodeIgniter\View\View->render('add', [], true)
 3 APPPATH\Controllers\Postuler.php(16): view('add')
 4 SYSTEMPATH\CodeIgniter.php(942): App\Controllers\Postuler->add()
 5 SYSTEMPATH\CodeIgniter.php(502): CodeIgniter\CodeIgniter->runController(Object(App\Controllers\Postuler))
 6 SYSTEMPATH\CodeIgniter.php(361): CodeIgniter\CodeIgniter->handleRequest(null, Object(Config\Cache), false)
 7 FCPATH\index.php(79): CodeIgniter\CodeIgniter->run()
 8 SYSTEMPATH\Commands\Server\rewrite.php(47): require_once('E:\\wamp64\\www\\Relief\\public\\index.php')
CRITICAL - 2024-06-14 19:45:36 --> syntax error, unexpected '$postuler' (T_VARIABLE), expecting ';' or '{'
in APPPATH\Controllers\Postuler.php on line 13.
 1 SYSTEMPATH\Autoloader\Autoloader.php(291): CodeIgniter\Autoloader\Autoloader->includeFile('E:\\wamp64\\www\\Relief\\app\\Controllers\\Postuler.php')
 2 SYSTEMPATH\Autoloader\Autoloader.php(269): CodeIgniter\Autoloader\Autoloader->loadInNamespace('App\\Controllers\\Postuler')
 3 [internal function]: CodeIgniter\Autoloader\Autoloader->loadClass('App\\Controllers\\Postuler')
 4 [internal function]: spl_autoload_call('App\\Controllers\\Postuler')
 5 SYSTEMPATH\CodeIgniter.php(900): class_exists('\\App\\Controllers\\Postuler', true)
 6 SYSTEMPATH\CodeIgniter.php(489): CodeIgniter\CodeIgniter->startController()
 7 SYSTEMPATH\CodeIgniter.php(361): CodeIgniter\CodeIgniter->handleRequest(null, Object(Config\Cache), false)
 8 FCPATH\index.php(79): CodeIgniter\CodeIgniter->run()
 9 SYSTEMPATH\Commands\Server\rewrite.php(47): require_once('E:\\wamp64\\www\\Relief\\public\\index.php')
